<?xml version="1.0" encoding="UTF-8"?>
<!-- Generated by org.testng.reporters.JUnitXMLReporter -->
<testsuite hostname="Alexanders-MacBook-Pro.local" ignored="0" name="Check dropdown" tests="1" failures="1" timestamp="17 Mar 2020 08:37:53 GMT" time="5.087" errors="0">
  <testcase name="dropDownTest" time="3.137" classname="tests.DropDownTest">
    <failure type="java.lang.AssertionError" message="expected [Option 1] but found [Option 2]">
      <![CDATA[java.lang.AssertionError: expected [Option 1] but found [Option 2]at tests.DropDownTest.dropDownTest(DropDownTest.java:37)... Removed 31 stack frames]]>
    </failure>
  </testcase> <!-- dropDownTest -->
</testsuite> <!-- Check dropdown -->
