<?xml version="1.0" encoding="UTF-8"?>
<!-- Generated by org.testng.reporters.JUnitXMLReporter -->
<testsuite hostname="Alexanders-MacBook-Pro.local" ignored="0" name="Check logs" tests="1" failures="1" timestamp="11 May 2020 15:35:24 GMT" time="4.172" errors="0">
  <testcase name="jsErrorTest" time="3.039" classname="tests.jsErrorTest">
    <failure type="java.lang.AssertionError" message="The following asserts failed:
	some fail of test,
	JS error is found http://the-internet.herokuapp.com/javascript_error 6:51 Uncaught TypeError: Cannot read property &amp;apos;xyz&amp;apos; of undefined">
      <![CDATA[java.lang.AssertionError: The following asserts failed:some fail of test,JS error is found http://the-internet.herokuapp.com/javascript_error 6:51 Uncaught TypeError: Cannot read property 'xyz' of undefinedat tests.jsErrorTest.jsErrorTest(jsErrorTest.java:45)... Removed 26 stack frames]]>
    </failure>
  </testcase> <!-- jsErrorTest -->
</testsuite> <!-- Check logs -->
