<?xml version="1.0" encoding="UTF-8"?>
<!-- Generated by org.testng.reporters.JUnitXMLReporter -->
<testsuite hostname="Alexanders-MacBook-Pro.local" ignored="0" name="Hover Test" tests="1" failures="1" timestamp="11 May 2020 15:34:57 GMT" time="13.543" errors="0">
  <testcase name="hoverTest" time="12.529" classname="tests.HoverTest">
    <failure type="org.openqa.selenium.TimeoutException" message="Expected condition failed: waiting for element to be clickable: [[ChromeDriver: chrome on MAC (ce97c9c870773035dc7fa66376b47d43)] -&amp;gt; xpath: .//*[@class=&amp;apos;figcaption&amp;apos;]/a] (tried for 10 second(s) with 500 milliseconds interval)
Build info: version: &amp;apos;3.141.59&amp;apos;, revision: &amp;apos;e82be7d358&amp;apos;, time: &amp;apos;2018-11-14T08:17:03&amp;apos;
System info: host: &amp;apos;Alexanders-MacBook-Pro.local&amp;apos;, ip: &amp;apos;192.168.1.58&amp;apos;, os.name: &amp;apos;Mac OS X&amp;apos;, os.arch: &amp;apos;x86_64&amp;apos;, os.version: &amp;apos;10.15.3&amp;apos;, java.version: &amp;apos;1.8.0_131&amp;apos;
Driver info: org.openqa.selenium.chrome.ChromeDriver
Capabilities {acceptInsecureCerts: false, browserName: chrome, browserVersion: 81.0.4044.138, chrome: {chromedriverVersion: 80.0.3987.106 (f68069574609..., userDataDir: /var/folders/k_/n1nt8q6522x...}, goog:chromeOptions: {debuggerAddress: localhost:60370}, javascriptEnabled: true, networkConnectionEnabled: false, pageLoadStrategy: normal, platform: MAC, platformName: MAC, proxy: Proxy(), setWindowRect: true, strictFileInteractability: false, timeouts: {implicit: 0, pageLoad: 300000, script: 30000}, unhandledPromptBehavior: dismiss and notify}
Session ID: ce97c9c870773035dc7fa66376b47d43">
      <![CDATA[org.openqa.selenium.TimeoutException: Expected condition failed: waiting for element to be clickable: [[ChromeDriver: chrome on MAC (ce97c9c870773035dc7fa66376b47d43)] -> xpath: .//*[@class='figcaption']/a] (tried for 10 second(s) with 500 milliseconds interval)Build info: version: '3.141.59', revision: 'e82be7d358', time: '2018-11-14T08:17:03'System info: host: 'Alexanders-MacBook-Pro.local', ip: '192.168.1.58', os.name: 'Mac OS X', os.arch: 'x86_64', os.version: '10.15.3', java.version: '1.8.0_131'Driver info: org.openqa.selenium.chrome.ChromeDriverCapabilities {acceptInsecureCerts: false, browserName: chrome, browserVersion: 81.0.4044.138, chrome: {chromedriverVersion: 80.0.3987.106 (f68069574609..., userDataDir: /var/folders/k_/n1nt8q6522x...}, goog:chromeOptions: {debuggerAddress: localhost:60370}, javascriptEnabled: true, networkConnectionEnabled: false, pageLoadStrategy: normal, platform: MAC, platformName: MAC, proxy: Proxy(), setWindowRect: true, strictFileInteractability: false, timeouts: {implicit: 0, pageLoad: 300000, script: 30000}, unhandledPromptBehavior: dismiss and notify}Session ID: ce97c9c870773035dc7fa66376b47d43at org.openqa.selenium.support.ui.WebDriverWait.timeoutException(WebDriverWait.java:95)at org.openqa.selenium.support.ui.FluentWait.until(FluentWait.java:272)at pageObjects.HoversPage.clickViewProfileLink(HoversPage.java:23)at tests.HoverTest.hoverTest(HoverTest.java:31)... Removed 25 stack frames]]>
    </failure>
  </testcase> <!-- hoverTest -->
</testsuite> <!-- Hover Test -->
