<?xml version="1.0" encoding="UTF-8"?>
<!-- Generated by org.testng.reporters.JUnitXMLReporter -->
<testsuite hostname="Alexanders-MacBook-Pro.local" ignored="0" name="Login with wrong user" tests="1" failures="0" timestamp="26 May 2020 08:00:28 GMT" time="1.405" errors="0">
  <testcase name="@BeforeTest beforeTest" time="1.397" classname="tests.LoginTest_wrongCreds">
    <failure type="org.openqa.selenium.SessionNotCreatedException" message="session not created: This version of ChromeDriver only supports Chrome version 80
Build info: version: &amp;apos;3.141.59&amp;apos;, revision: &amp;apos;e82be7d358&amp;apos;, time: &amp;apos;2018-11-14T08:17:03&amp;apos;
System info: host: &amp;apos;Alexanders-MacBook-Pro.local&amp;apos;, ip: &amp;apos;192.168.1.58&amp;apos;, os.name: &amp;apos;Mac OS X&amp;apos;, os.arch: &amp;apos;x86_64&amp;apos;, os.version: &amp;apos;10.15.3&amp;apos;, java.version: &amp;apos;1.8.0_131&amp;apos;
Driver info: driver.version: ChromeDriver
remote stacktrace: 0   chromedriver                        0x000000010d707329 chromedriver + 3838761
1   chromedriver                        0x000000010d6a1123 chromedriver + 3420451
2   chromedriver                        0x000000010d41562f chromedriver + 751151
3   chromedriver                        0x000000010d376fa6 chromedriver + 102310
4   chromedriver                        0x000000010d372f7f chromedriver + 85887
5   chromedriver                        0x000000010d3a2473 chromedriver + 279667
6   chromedriver                        0x000000010d39f2b3 chromedriver + 266931
7   chromedriver                        0x000000010d3790bd chromedriver + 110781
8   chromedriver                        0x000000010d37a055 chromedriver + 114773
9   chromedriver                        0x000000010d6c8ebf chromedriver + 3583679
10  chromedriver                        0x000000010d6d5e4a chromedriver + 3636810
11  chromedriver                        0x000000010d6d5be7 chromedriver + 3636199
12  chromedriver                        0x000000010d6ac839 chromedriver + 3467321
13  chromedriver                        0x000000010d6d6707 chromedriver + 3639047
14  chromedriver                        0x000000010d6becc7 chromedriver + 3542215
15  chromedriver                        0x000000010d6ec324 chromedriver + 3728164
16  chromedriver                        0x000000010d70d387 chromedriver + 3863431
17  libsystem_pthread.dylib             0x00007fff6ba49e65 _pthread_start + 148
18  libsystem_pthread.dylib             0x00007fff6ba4583b thread_start + 15
">
      <![CDATA[org.openqa.selenium.SessionNotCreatedException: session not created: This version of ChromeDriver only supports Chrome version 80Build info: version: '3.141.59', revision: 'e82be7d358', time: '2018-11-14T08:17:03'System info: host: 'Alexanders-MacBook-Pro.local', ip: '192.168.1.58', os.name: 'Mac OS X', os.arch: 'x86_64', os.version: '10.15.3', java.version: '1.8.0_131'Driver info: driver.version: ChromeDriverremote stacktrace: 0   chromedriver                        0x000000010d707329 chromedriver + 38387611   chromedriver                        0x000000010d6a1123 chromedriver + 34204512   chromedriver                        0x000000010d41562f chromedriver + 7511513   chromedriver                        0x000000010d376fa6 chromedriver + 1023104   chromedriver                        0x000000010d372f7f chromedriver + 858875   chromedriver                        0x000000010d3a2473 chromedriver + 2796676   chromedriver                        0x000000010d39f2b3 chromedriver + 2669317   chromedriver                        0x000000010d3790bd chromedriver + 1107818   chromedriver                        0x000000010d37a055 chromedriver + 1147739   chromedriver                        0x000000010d6c8ebf chromedriver + 358367910  chromedriver                        0x000000010d6d5e4a chromedriver + 363681011  chromedriver                        0x000000010d6d5be7 chromedriver + 363619912  chromedriver                        0x000000010d6ac839 chromedriver + 346732113  chromedriver                        0x000000010d6d6707 chromedriver + 363904714  chromedriver                        0x000000010d6becc7 chromedriver + 354221515  chromedriver                        0x000000010d6ec324 chromedriver + 372816416  chromedriver                        0x000000010d70d387 chromedriver + 386343117  libsystem_pthread.dylib             0x00007fff6ba49e65 _pthread_start + 14818  libsystem_pthread.dylib             0x00007fff6ba4583b thread_start + 15at org.openqa.selenium.remote.W3CHandshakeResponse.lambda$errorHandler$0(W3CHandshakeResponse.java:62)at org.openqa.selenium.remote.HandshakeResponse.lambda$getResponseFunction$0(HandshakeResponse.java:30)at org.openqa.selenium.remote.ProtocolHandshake.lambda$createSession$0(ProtocolHandshake.java:126)at java.util.stream.ReferencePipeline$3$1.accept(ReferencePipeline.java:193)at java.util.Spliterators$ArraySpliterator.tryAdvance(Spliterators.java:958)at java.util.stream.ReferencePipeline.forEachWithCancel(ReferencePipeline.java:126)at java.util.stream.AbstractPipeline.copyIntoWithCancel(AbstractPipeline.java:498)at java.util.stream.AbstractPipeline.copyInto(AbstractPipeline.java:485)at java.util.stream.AbstractPipeline.wrapAndCopyInto(AbstractPipeline.java:471)at java.util.stream.FindOps$FindOp.evaluateSequential(FindOps.java:152)at java.util.stream.AbstractPipeline.evaluate(AbstractPipeline.java:234)at java.util.stream.ReferencePipeline.findFirst(ReferencePipeline.java:464)at org.openqa.selenium.remote.ProtocolHandshake.createSession(ProtocolHandshake.java:128)at org.openqa.selenium.remote.ProtocolHandshake.createSession(ProtocolHandshake.java:74)at org.openqa.selenium.remote.HttpCommandExecutor.execute(HttpCommandExecutor.java:136)at org.openqa.selenium.remote.service.DriverCommandExecutor.execute(DriverCommandExecutor.java:83)at org.openqa.selenium.remote.RemoteWebDriver.execute(RemoteWebDriver.java:552)at org.openqa.selenium.remote.RemoteWebDriver.startSession(RemoteWebDriver.java:213)at org.openqa.selenium.remote.RemoteWebDriver.<init>(RemoteWebDriver.java:131)at org.openqa.selenium.chrome.ChromeDriver.<init>(ChromeDriver.java:181)at org.openqa.selenium.chrome.ChromeDriver.<init>(ChromeDriver.java:168)at org.openqa.selenium.chrome.ChromeDriver.<init>(ChromeDriver.java:157)at newtest.TestBase.chromeWebDriver(TestBase.java:53)at newtest.TestBase.createWebDriver(TestBase.java:29)at tests.LoginTest_wrongCreds.beforeTest(LoginTest_wrongCreds.java:81)... Removed 28 stack frames]]>
    </failure>
  </testcase> <!-- @BeforeTest beforeTest -->
  <testcase name="@AfterTest closeBrowser" time="0.0" classname="tests.LoginTest_wrongCreds">
    <skipped/>
  </testcase> <!-- @AfterTest closeBrowser -->
  <testcase name="loginWithWrongCreds" time="0.0" classname="tests.LoginTest_wrongCreds">
    <skipped/>
  </testcase> <!-- loginWithWrongCreds -->
</testsuite> <!-- Login with wrong user -->
