<?xml version="1.0" encoding="UTF-8"?>
<!-- Generated by org.testng.reporters.JUnitXMLReporter -->
<testsuite hostname="Alexanders-MacBook-Pro.local" ignored="0" name="Login with correct creds on MS Edge" tests="1" failures="0" timestamp="01 Apr 2020 15:06:55 GMT" time="1.335" errors="0">
  <testcase name="@BeforeTest beforeTest" time="1.323" classname="tests.LoginTest">
    <failure type="org.openqa.selenium.WebDriverException" message="unknown error: cannot find MSEdge binary
Build info: version: &amp;apos;3.141.59&amp;apos;, revision: &amp;apos;e82be7d358&amp;apos;, time: &amp;apos;2018-11-14T08:17:03&amp;apos;
System info: host: &amp;apos;Alexanders-MacBook-Pro.local&amp;apos;, ip: &amp;apos;192.168.1.58&amp;apos;, os.name: &amp;apos;Mac OS X&amp;apos;, os.arch: &amp;apos;x86_64&amp;apos;, os.version: &amp;apos;10.15.3&amp;apos;, java.version: &amp;apos;1.8.0_131&amp;apos;
Driver info: driver.version: EdgeDriver
remote stacktrace: 0   msedgedriver                        0x000000010cf82649 msedgedriver + 13010505
1   msedgedriver                        0x000000010cec2703 msedgedriver + 12224259
2   msedgedriver                        0x000000010c41db9f msedgedriver + 1063839
3   msedgedriver                        0x000000010c33006c msedgedriver + 90220
4   msedgedriver                        0x000000010c361233 msedgedriver + 291379
5   msedgedriver                        0x000000010c35d953 msedgedriver + 276819
6   msedgedriver                        0x000000010c336e0d msedgedriver + 118285
7   msedgedriver                        0x000000010c337e15 msedgedriver + 122389
8   msedgedriver                        0x000000010cf1cdcf msedgedriver + 12594639
9   msedgedriver                        0x000000010cf2f47a msedgedriver + 12670074
10  msedgedriver                        0x000000010cf2f217 msedgedriver + 12669463
11  msedgedriver                        0x000000010ceddc79 msedgedriver + 12336249
12  msedgedriver                        0x000000010cf2fd27 msedgedriver + 12672295
13  msedgedriver                        0x000000010cf06037 msedgedriver + 12501047
14  msedgedriver                        0x000000010cf4b2a4 msedgedriver + 12784292
15  msedgedriver                        0x000000010cf8bc07 msedgedriver + 13048839
16  libsystem_pthread.dylib             0x00007fff64dc7e65 _pthread_start + 148
17  libsystem_pthread.dylib             0x00007fff64dc383b thread_start + 15
">
      <![CDATA[org.openqa.selenium.WebDriverException: unknown error: cannot find MSEdge binaryBuild info: version: '3.141.59', revision: 'e82be7d358', time: '2018-11-14T08:17:03'System info: host: 'Alexanders-MacBook-Pro.local', ip: '192.168.1.58', os.name: 'Mac OS X', os.arch: 'x86_64', os.version: '10.15.3', java.version: '1.8.0_131'Driver info: driver.version: EdgeDriverremote stacktrace: 0   msedgedriver                        0x000000010cf82649 msedgedriver + 130105051   msedgedriver                        0x000000010cec2703 msedgedriver + 122242592   msedgedriver                        0x000000010c41db9f msedgedriver + 10638393   msedgedriver                        0x000000010c33006c msedgedriver + 902204   msedgedriver                        0x000000010c361233 msedgedriver + 2913795   msedgedriver                        0x000000010c35d953 msedgedriver + 2768196   msedgedriver                        0x000000010c336e0d msedgedriver + 1182857   msedgedriver                        0x000000010c337e15 msedgedriver + 1223898   msedgedriver                        0x000000010cf1cdcf msedgedriver + 125946399   msedgedriver                        0x000000010cf2f47a msedgedriver + 1267007410  msedgedriver                        0x000000010cf2f217 msedgedriver + 1266946311  msedgedriver                        0x000000010ceddc79 msedgedriver + 1233624912  msedgedriver                        0x000000010cf2fd27 msedgedriver + 1267229513  msedgedriver                        0x000000010cf06037 msedgedriver + 1250104714  msedgedriver                        0x000000010cf4b2a4 msedgedriver + 1278429215  msedgedriver                        0x000000010cf8bc07 msedgedriver + 1304883916  libsystem_pthread.dylib             0x00007fff64dc7e65 _pthread_start + 14817  libsystem_pthread.dylib             0x00007fff64dc383b thread_start + 15at org.openqa.selenium.remote.W3CHandshakeResponse.lambda$errorHandler$0(W3CHandshakeResponse.java:62)at org.openqa.selenium.remote.HandshakeResponse.lambda$getResponseFunction$0(HandshakeResponse.java:30)at org.openqa.selenium.remote.ProtocolHandshake.lambda$createSession$0(ProtocolHandshake.java:126)at java.util.stream.ReferencePipeline$3$1.accept(ReferencePipeline.java:193)at java.util.Spliterators$ArraySpliterator.tryAdvance(Spliterators.java:958)at java.util.stream.ReferencePipeline.forEachWithCancel(ReferencePipeline.java:126)at java.util.stream.AbstractPipeline.copyIntoWithCancel(AbstractPipeline.java:498)at java.util.stream.AbstractPipeline.copyInto(AbstractPipeline.java:485)at java.util.stream.AbstractPipeline.wrapAndCopyInto(AbstractPipeline.java:471)at java.util.stream.FindOps$FindOp.evaluateSequential(FindOps.java:152)at java.util.stream.AbstractPipeline.evaluate(AbstractPipeline.java:234)at java.util.stream.ReferencePipeline.findFirst(ReferencePipeline.java:464)at org.openqa.selenium.remote.ProtocolHandshake.createSession(ProtocolHandshake.java:128)at org.openqa.selenium.remote.ProtocolHandshake.createSession(ProtocolHandshake.java:74)at org.openqa.selenium.remote.HttpCommandExecutor.execute(HttpCommandExecutor.java:136)at org.openqa.selenium.remote.service.DriverCommandExecutor.execute(DriverCommandExecutor.java:83)at org.openqa.selenium.remote.RemoteWebDriver.execute(RemoteWebDriver.java:552)at org.openqa.selenium.remote.RemoteWebDriver.startSession(RemoteWebDriver.java:213)at org.openqa.selenium.remote.RemoteWebDriver.<init>(RemoteWebDriver.java:131)at org.openqa.selenium.edge.EdgeDriver.<init>(EdgeDriver.java:141)at org.openqa.selenium.edge.EdgeDriver.<init>(EdgeDriver.java:96)at newtest.TestBase.createWebDriver(TestBase.java:33)at tests.LoginTest.beforeTest(LoginTest.java:54)... Removed 28 stack frames]]>
    </failure>
  </testcase> <!-- @BeforeTest beforeTest -->
  <testcase name="@AfterTest closeBrowser" time="0.0" classname="tests.LoginTest">
    <skipped/>
  </testcase> <!-- @AfterTest closeBrowser -->
  <testcase name="loginTest" time="0.0" classname="tests.LoginTest">
    <skipped/>
  </testcase> <!-- loginTest -->
</testsuite> <!-- Login with correct creds on MS Edge -->
