<?xml version="1.0" encoding="UTF-8"?>
<!-- Generated by org.testng.reporters.JUnitXMLReporter -->
<testsuite hostname="Alexanders-MacBook-Pro.local" ignored="0" name="Shop test" tests="1" failures="1" timestamp="09 May 2020 15:44:46 GMT" time="5.848" errors="0">
  <testcase name="shopTest" time="3.582" classname="tests.ShopTest">
    <failure type="java.lang.AssertionError" message="expected [97] but found [96]">
      <![CDATA[java.lang.AssertionError: expected [97] but found [96]at tests.ShopTest.shopTest(ShopTest.java:23)... Removed 31 stack frames]]>
    </failure>
  </testcase> <!-- shopTest -->
</testsuite> <!-- Shop test -->
