<?xml version="1.0" encoding="UTF-8"?>
<!-- Generated by org.testng.reporters.JUnitXMLReporter -->
<testsuite hostname="Alexanders-MacBook-Pro.local" ignored="0" name="Take screenshot" tests="1" failures="1" timestamp="31 Mar 2020 12:10:42 GMT" time="3.726" errors="0">
  <testcase name="scrollTest" time="1.42" classname="tests.ScreenShotTest">
    <failure type="java.lang.AssertionError" message="expected [true] but found [false]">
      <![CDATA[java.lang.AssertionError: expected [true] but found [false]at tests.ScreenShotTest.scrollTest(ScreenShotTest.java:25)... Removed 29 stack frames]]>
    </failure>
  </testcase> <!-- scrollTest -->
</testsuite> <!-- Take screenshot -->
