<?xml version="1.0" encoding="UTF-8"?>
<!-- Generated by org.testng.reporters.JUnitXMLReporter -->
<testsuite hostname="Alexanders-MacBook-Pro.local" ignored="0" name="Test slider" tests="1" failures="1" timestamp="27 Mar 2020 05:44:21 GMT" time="3.671" errors="0">
  <testcase name="testSlider" time="1.802" classname="tests.SliderTest">
    <failure type="java.lang.AssertionError" message="expected [1] but found [1.5]">
      <![CDATA[java.lang.AssertionError: expected [1] but found [1.5]at tests.SliderTest.testSlider(SliderTest.java:33)... Removed 31 stack frames]]>
    </failure>
  </testcase> <!-- testSlider -->
</testsuite> <!-- Test slider -->
