<?xml version="1.0" encoding="UTF-8"?>
<!-- Generated by org.testng.reporters.JUnitXMLReporter -->
<testsuite hostname="Alexanders-MacBook-Pro.local" ignored="0" name="Test keys" tests="1" failures="1" timestamp="27 Mar 2020 06:10:23 GMT" time="4.999" errors="0">
  <testcase name="keyPressesTest" time="2.369" classname="tests.KeyPressesTest">
    <failure type="java.lang.AssertionError" message="expected [You entered: ENTER] but found []">
      <![CDATA[java.lang.AssertionError: expected [You entered: ENTER] but found []at tests.KeyPressesTest.keyPressesTest(KeyPressesTest.java:34)... Removed 31 stack frames]]>
    </failure>
  </testcase> <!-- keyPressesTest -->
</testsuite> <!-- Test keys -->
