{"uuid":"9df01ea2-78d6-48ba-85e6-0226e2dd3eeb","historyId":"9f2158e6e568f4f67a390ef3dab42a2b","fullName":"tests.LoginTest.loginTest","labels":[{"name":"package","value":"tests.LoginTest"},{"name":"testClass","value":"tests.LoginTest"},{"name":"testMethod","value":"loginTest"},{"name":"parentSuite","value":"Suite"},{"name":"suite","value":"Login with correct creds"},{"name":"subSuite","value":"tests.LoginTest"},{"name":"host","value":"Alexanders-MacBook-Pro.local"},{"name":"thread","value":"77804@Alexanders-MacBook-Pro.local.main(1)"},{"name":"story","value":"As user I should be able to login with valid username/password, so my account is protected"}],"links":[],"name":"loginTest","status":"failed","statusDetails":{"known":false,"muted":false,"flaky":false,"message":"expected [Secure Area2] but found [Secure Area]","trace":"java.lang.AssertionError: expected [Secure Area2] but found [Secure Area]\n\tat org.testng.Assert.fail(Assert.java:96)\n\tat org.testng.Assert.failNotEquals(Assert.java:776)\n\tat org.testng.Assert.assertEqualsImpl(Assert.java:137)\n\tat org.testng.Assert.assertEquals(Assert.java:118)\n\tat org.testng.Assert.assertEquals(Assert.java:453)\n\tat org.testng.Assert.assertEquals(Assert.java:463)\n\tat tests.LoginTest.checkSecureAreaPageTitle_aroundBody10(LoginTest.java:102)\n\tat tests.LoginTest$AjcClosure11.run(LoginTest.java:1)\n\tat org.aspectj.runtime.reflect.JoinPointImpl.proceed(JoinPointImpl.java:149)\n\tat io.qameta.allure.aspects.StepsAspects.step(StepsAspects.java:51)\n\tat tests.LoginTest.checkSecureAreaPageTitle(LoginTest.java:97)\n\tat tests.LoginTest.loginTest(LoginTest.java:53)\n\tat sun.reflect.NativeMethodAccessorImpl.invoke0(Native Method)\n\tat sun.reflect.NativeMethodAccessorImpl.invoke(NativeMethodAccessorImpl.java:62)\n\tat sun.reflect.DelegatingMethodAccessorImpl.invoke(DelegatingMethodAccessorImpl.java:43)\n\tat java.lang.reflect.Method.invoke(Method.java:498)\n\tat org.testng.internal.MethodInvocationHelper.invokeMethod(MethodInvocationHelper.java:124)\n\tat org.testng.internal.Invoker.invokeMethod(Invoker.java:571)\n\tat org.testng.internal.Invoker.invokeTestMethod(Invoker.java:707)\n\tat org.testng.internal.Invoker.invokeTestMethods(Invoker.java:979)\n\tat org.testng.internal.TestMethodWorker.invokeTestMethods(TestMethodWorker.java:125)\n\tat org.testng.internal.TestMethodWorker.run(TestMethodWorker.java:109)\n\tat org.testng.TestRunner.privateRun(TestRunner.java:648)\n\tat org.testng.TestRunner.run(TestRunner.java:505)\n\tat org.testng.SuiteRunner.runTest(SuiteRunner.java:455)\n\tat org.testng.SuiteRunner.runSequentially(SuiteRunner.java:450)\n\tat org.testng.SuiteRunner.privateRun(SuiteRunner.java:415)\n\tat org.testng.SuiteRunner.run(SuiteRunner.java:364)\n\tat org.testng.SuiteRunnerWorker.runSuite(SuiteRunnerWorker.java:52)\n\tat org.testng.SuiteRunnerWorker.run(SuiteRunnerWorker.java:84)\n\tat org.testng.TestNG.runSuitesSequentially(TestNG.java:1187)\n\tat org.testng.TestNG.runSuitesLocally(TestNG.java:1116)\n\tat org.testng.TestNG.runSuites(TestNG.java:1028)\n\tat org.testng.TestNG.run(TestNG.java:996)\n\tat org.apache.maven.surefire.testng.TestNGExecutor.run(TestNGExecutor.java:283)\n\tat org.apache.maven.surefire.testng.TestNGXmlTestSuite.execute(TestNGXmlTestSuite.java:75)\n\tat org.apache.maven.surefire.testng.TestNGProvider.invoke(TestNGProvider.java:120)\n\tat org.apache.maven.surefire.booter.ForkedBooter.invokeProviderInSameClassLoader(ForkedBooter.java:386)\n\tat org.apache.maven.surefire.booter.ForkedBooter.runSuitesInProcess(ForkedBooter.java:323)\n\tat org.apache.maven.surefire.booter.ForkedBooter.main(ForkedBooter.java:143)\n"},"stage":"finished","description":"Checking login with valid username/password.","start":1590511790902,"stop":1590511796715,"steps":[{"name":"Open welcome Page","status":"passed","stage":"finished","start":1590511790905,"stop":1590511794492},{"name":"Check that Welcome page has Available Examples title","status":"passed","stage":"finished","start":1590511794492,"stop":1590511794534},{"name":"Click on Form Authentication link","status":"passed","stage":"finished","start":1590511794534,"stop":1590511795418},{"name":"Check title on Login page","status":"passed","stage":"finished","start":1590511795418,"stop":1590511795439},{"name":"Enter valid username/password","status":"passed","stage":"finished","start":1590511795439,"stop":1590511796136},{"name":"Check title on Secure Area page","status":"failed","statusDetails":{"known":false,"muted":false,"flaky":false,"message":"expected [Secure Area2] but found [Secure Area]","trace":"java.lang.AssertionError: expected [Secure Area2] but found [Secure Area]\n\tat org.testng.Assert.fail(Assert.java:96)\n\tat org.testng.Assert.failNotEquals(Assert.java:776)\n\tat org.testng.Assert.assertEqualsImpl(Assert.java:137)\n\tat org.testng.Assert.assertEquals(Assert.java:118)\n\tat org.testng.Assert.assertEquals(Assert.java:453)\n\tat org.testng.Assert.assertEquals(Assert.java:463)\n\tat tests.LoginTest.checkSecureAreaPageTitle_aroundBody10(LoginTest.java:102)\n\tat tests.LoginTest$AjcClosure11.run(LoginTest.java:1)\n\tat org.aspectj.runtime.reflect.JoinPointImpl.proceed(JoinPointImpl.java:149)\n\tat io.qameta.allure.aspects.StepsAspects.step(StepsAspects.java:51)\n\tat tests.LoginTest.checkSecureAreaPageTitle(LoginTest.java:97)\n\tat tests.LoginTest.loginTest(LoginTest.java:53)\n\tat sun.reflect.NativeMethodAccessorImpl.invoke0(Native Method)\n\tat sun.reflect.NativeMethodAccessorImpl.invoke(NativeMethodAccessorImpl.java:62)\n\tat sun.reflect.DelegatingMethodAccessorImpl.invoke(DelegatingMethodAccessorImpl.java:43)\n\tat java.lang.reflect.Method.invoke(Method.java:498)\n\tat org.testng.internal.MethodInvocationHelper.invokeMethod(MethodInvocationHelper.java:124)\n\tat org.testng.internal.Invoker.invokeMethod(Invoker.java:571)\n\tat org.testng.internal.Invoker.invokeTestMethod(Invoker.java:707)\n\tat org.testng.internal.Invoker.invokeTestMethods(Invoker.java:979)\n\tat org.testng.internal.TestMethodWorker.invokeTestMethods(TestMethodWorker.java:125)\n\tat org.testng.internal.TestMethodWorker.run(TestMethodWorker.java:109)\n\tat org.testng.TestRunner.privateRun(TestRunner.java:648)\n\tat org.testng.TestRunner.run(TestRunner.java:505)\n\tat org.testng.SuiteRunner.runTest(SuiteRunner.java:455)\n\tat org.testng.SuiteRunner.runSequentially(SuiteRunner.java:450)\n\tat org.testng.SuiteRunner.privateRun(SuiteRunner.java:415)\n\tat org.testng.SuiteRunner.run(SuiteRunner.java:364)\n\tat org.testng.SuiteRunnerWorker.runSuite(SuiteRunnerWorker.java:52)\n\tat org.testng.SuiteRunnerWorker.run(SuiteRunnerWorker.java:84)\n\tat org.testng.TestNG.runSuitesSequentially(TestNG.java:1187)\n\tat org.testng.TestNG.runSuitesLocally(TestNG.java:1116)\n\tat org.testng.TestNG.runSuites(TestNG.java:1028)\n\tat org.testng.TestNG.run(TestNG.java:996)\n\tat org.apache.maven.surefire.testng.TestNGExecutor.run(TestNGExecutor.java:283)\n\tat org.apache.maven.surefire.testng.TestNGXmlTestSuite.execute(TestNGXmlTestSuite.java:75)\n\tat org.apache.maven.surefire.testng.TestNGProvider.invoke(TestNGProvider.java:120)\n\tat org.apache.maven.surefire.booter.ForkedBooter.invokeProviderInSameClassLoader(ForkedBooter.java:386)\n\tat org.apache.maven.surefire.booter.ForkedBooter.runSuitesInProcess(ForkedBooter.java:323)\n\tat org.apache.maven.surefire.booter.ForkedBooter.main(ForkedBooter.java:143)\n"},"stage":"finished","start":1590511796136,"stop":1590511796167}],"attachments":[{"name":"Screenshot for failed Test","source":"5c3e4e0c-ba58-457f-a172-6ccd74d0de59-attachment"}],"parameters":[{"name":"browser","value":"chrome"},{"name":"testName","value":"Login with valid username/password"}]}