<?xml version="1.0" encoding="UTF-8"?>
<testng-results skipped="0" failed="1" ignored="0" total="3" passed="2">
  <reporter-output>
    <line>
      <![CDATA[0. Driver initialisation. Open browser<p>]]>
    </line>
    <line>
      <![CDATA[1. Open <b>welcome</b> Page<p>]]>
    </line>
    <line>
      <![CDATA[2. Welcome page has Available Examples title<p>]]>
    </line>
    <line>
      <![CDATA[3. Click on Form Authentication link<p>]]>
    </line>
    <line>
      <![CDATA[4. Check title on Login page<p>]]>
    </line>
    <line>
      <![CDATA[5. Enter valid username/password<p>]]>
    </line>
    <line>
      <![CDATA[6. Check title on Secure Area page<p>]]>
    </line>
    <line>
      <![CDATA[7. Check message on Secure Area page<p>]]>
    </line>
    <line>
      <![CDATA[<b>Test Failed</b><img src='../screenshots/testFailed.png'>]]>
    </line>
    <line>
      <![CDATA[8. Close browser<p>]]>
    </line>
  </reporter-output>
  <suite name="Suite" duration-ms="27982" started-at="2020-05-27T13:10:06Z" finished-at="2020-05-27T13:10:34Z">
    <groups>
    </groups>
    <test name="Login with correct creds" duration-ms="7580" started-at="2020-05-27T13:10:06Z" finished-at="2020-05-27T13:10:13Z">
      <class name="tests.LoginTest">
        <test-method status="PASS" signature="beforeTest(java.lang.String, java.lang.String, org.testng.ITestContext)[pri:0, instance:tests.LoginTest@32057e6]" name="beforeTest" is-config="true" duration-ms="3631" started-at="2020-05-27T16:10:06Z" finished-at="2020-05-27T16:10:10Z">
          <params>
            <param index="0">
              <value>
                <![CDATA[Login with valid username/password]]>
              </value>
            </param>
            <param index="1">
              <value>
                <![CDATA[chrome]]>
              </value>
            </param>
            <param index="2">
              <value>
                <![CDATA[org.testng.TestRunner@3350ab4]]>
              </value>
            </param>
          </params>
          <reporter-output>
            <line>
              <![CDATA[0. Driver initialisation. Open browser<p>]]>
            </line>
          </reporter-output>
        </test-method> <!-- beforeTest -->
        <test-method status="FAIL" signature="loginTest()[pri:0, instance:tests.LoginTest@32057e6]" name="loginTest" duration-ms="3173" started-at="2020-05-27T16:10:10Z" description="happy path for Login page" finished-at="2020-05-27T16:10:13Z">
          <exception class="java.lang.AssertionError">
            <message>
              <![CDATA[expected [true] but found [false]]]>
            </message>
            <full-stacktrace>
              <![CDATA[java.lang.AssertionError: expected [true] but found [false]at org.testng.Assert.fail(Assert.java:96)at org.testng.Assert.failNotEquals(Assert.java:776)at org.testng.Assert.assertEqualsImpl(Assert.java:137)at org.testng.Assert.assertEquals(Assert.java:118)at org.testng.Assert.assertEquals(Assert.java:568)at org.testng.Assert.assertEquals(Assert.java:578)at tests.LoginTest.loginTest(LoginTest.java:77)at sun.reflect.NativeMethodAccessorImpl.invoke0(Native Method)at sun.reflect.NativeMethodAccessorImpl.invoke(NativeMethodAccessorImpl.java:62)at sun.reflect.DelegatingMethodAccessorImpl.invoke(DelegatingMethodAccessorImpl.java:43)at java.lang.reflect.Method.invoke(Method.java:498)at org.testng.internal.MethodInvocationHelper.invokeMethod(MethodInvocationHelper.java:124)at org.testng.internal.Invoker.invokeMethod(Invoker.java:571)at org.testng.internal.Invoker.invokeTestMethod(Invoker.java:707)at org.testng.internal.Invoker.invokeTestMethods(Invoker.java:979)at org.testng.internal.TestMethodWorker.invokeTestMethods(TestMethodWorker.java:125)at org.testng.internal.TestMethodWorker.run(TestMethodWorker.java:109)at org.testng.TestRunner.privateRun(TestRunner.java:648)at org.testng.TestRunner.run(TestRunner.java:505)at org.testng.SuiteRunner.runTest(SuiteRunner.java:455)at org.testng.SuiteRunner.runSequentially(SuiteRunner.java:450)at org.testng.SuiteRunner.privateRun(SuiteRunner.java:415)at org.testng.SuiteRunner.run(SuiteRunner.java:364)at org.testng.SuiteRunnerWorker.runSuite(SuiteRunnerWorker.java:52)at org.testng.SuiteRunnerWorker.run(SuiteRunnerWorker.java:84)at org.testng.TestNG.runSuitesSequentially(TestNG.java:1187)at org.testng.TestNG.runSuitesLocally(TestNG.java:1116)at org.testng.TestNG.runSuites(TestNG.java:1028)at org.testng.TestNG.run(TestNG.java:996)at org.apache.maven.surefire.testng.TestNGExecutor.run(TestNGExecutor.java:283)at org.apache.maven.surefire.testng.TestNGXmlTestSuite.execute(TestNGXmlTestSuite.java:75)at org.apache.maven.surefire.testng.TestNGProvider.invoke(TestNGProvider.java:120)at org.apache.maven.surefire.booter.ForkedBooter.invokeProviderInSameClassLoader(ForkedBooter.java:386)at org.apache.maven.surefire.booter.ForkedBooter.runSuitesInProcess(ForkedBooter.java:323)at org.apache.maven.surefire.booter.ForkedBooter.main(ForkedBooter.java:143)]]>
            </full-stacktrace>
          </exception> <!-- java.lang.AssertionError -->
          <reporter-output>
            <line>
              <![CDATA[1. Open <b>welcome</b> Page<p>]]>
            </line>
            <line>
              <![CDATA[2. Welcome page has Available Examples title<p>]]>
            </line>
            <line>
              <![CDATA[3. Click on Form Authentication link<p>]]>
            </line>
            <line>
              <![CDATA[4. Check title on Login page<p>]]>
            </line>
            <line>
              <![CDATA[5. Enter valid username/password<p>]]>
            </line>
            <line>
              <![CDATA[6. Check title on Secure Area page<p>]]>
            </line>
            <line>
              <![CDATA[7. Check message on Secure Area page<p>]]>
            </line>
            <line>
              <![CDATA[<b>Test Failed</b><img src='../screenshots/testFailed.png'>]]>
            </line>
          </reporter-output>
        </test-method> <!-- loginTest -->
        <test-method status="PASS" signature="closeBrowser()[pri:0, instance:tests.LoginTest@32057e6]" name="closeBrowser" is-config="true" duration-ms="86" started-at="2020-05-27T16:10:13Z" finished-at="2020-05-27T16:10:13Z">
          <reporter-output>
            <line>
              <![CDATA[8. Close browser<p>]]>
            </line>
          </reporter-output>
        </test-method> <!-- closeBrowser -->
      </class> <!-- tests.LoginTest -->
    </test> <!-- Login with correct creds -->
    <test name="Login with wrong user" duration-ms="14921" started-at="2020-05-27T13:10:14Z" finished-at="2020-05-27T13:10:29Z">
      <class name="tests.LoginTest_wrongCreds">
        <test-method status="PASS" signature="beforeTest(java.lang.String, java.lang.String)[pri:0, instance:tests.LoginTest_wrongCreds@544630b7]" name="beforeTest" is-config="true" duration-ms="1275" started-at="2020-05-27T16:10:14Z" finished-at="2020-05-27T16:10:15Z">
          <params>
            <param index="0">
              <value>
                <![CDATA[Login with wrong user]]>
              </value>
            </param>
            <param index="1">
              <value>
                <![CDATA[chrome]]>
              </value>
            </param>
          </params>
          <reporter-output>
          </reporter-output>
        </test-method> <!-- beforeTest -->
        <test-method status="PASS" signature="loginWithWrongCreds(java.lang.String, java.lang.String, java.lang.String)[pri:0, instance:tests.LoginTest_wrongCreds@544630b7]" name="loginWithWrongCreds" duration-ms="13573" started-at="2020-05-27T16:10:15Z" description="negative check for Login page" finished-at="2020-05-27T16:10:29Z">
          <params>
            <param index="0">
              <value>
                <![CDATA[wrongUser]]>
              </value>
            </param>
            <param index="1">
              <value>
                <![CDATA[SuperSecretPassword!]]>
              </value>
            </param>
            <param index="2">
              <value>
                <![CDATA[Your username is invalid!]]>
              </value>
            </param>
          </params>
          <reporter-output>
          </reporter-output>
        </test-method> <!-- loginWithWrongCreds -->
        <test-method status="PASS" signature="closeBrowser()[pri:0, instance:tests.LoginTest_wrongCreds@544630b7]" name="closeBrowser" is-config="true" duration-ms="69" started-at="2020-05-27T16:10:29Z" finished-at="2020-05-27T16:10:29Z">
          <reporter-output>
          </reporter-output>
        </test-method> <!-- closeBrowser -->
      </class> <!-- tests.LoginTest_wrongCreds -->
    </test> <!-- Login with wrong user -->
    <test name="Login with wrong password" duration-ms="4662" started-at="2020-05-27T13:10:29Z" finished-at="2020-05-27T13:10:34Z">
      <class name="tests.LoginTest_wrongCreds">
        <test-method status="PASS" signature="beforeTest(java.lang.String, java.lang.String)[pri:0, instance:tests.LoginTest_wrongCreds@24a1c17f]" name="beforeTest" is-config="true" duration-ms="1255" started-at="2020-05-27T16:10:29Z" finished-at="2020-05-27T16:10:30Z">
          <params>
            <param index="0">
              <value>
                <![CDATA[Login with wrong password]]>
              </value>
            </param>
            <param index="1">
              <value>
                <![CDATA[chrome]]>
              </value>
            </param>
          </params>
          <reporter-output>
          </reporter-output>
        </test-method> <!-- beforeTest -->
        <test-method status="PASS" signature="loginWithWrongCreds(java.lang.String, java.lang.String, java.lang.String)[pri:0, instance:tests.LoginTest_wrongCreds@24a1c17f]" name="loginWithWrongCreds" duration-ms="3308" started-at="2020-05-27T16:10:30Z" description="negative check for Login page" finished-at="2020-05-27T16:10:34Z">
          <params>
            <param index="0">
              <value>
                <![CDATA[tomsmith]]>
              </value>
            </param>
            <param index="1">
              <value>
                <![CDATA[wrongPassword]]>
              </value>
            </param>
            <param index="2">
              <value>
                <![CDATA[Your password is invalid!]]>
              </value>
            </param>
          </params>
          <reporter-output>
          </reporter-output>
        </test-method> <!-- loginWithWrongCreds -->
        <test-method status="PASS" signature="closeBrowser()[pri:0, instance:tests.LoginTest_wrongCreds@24a1c17f]" name="closeBrowser" is-config="true" duration-ms="97" started-at="2020-05-27T16:10:34Z" finished-at="2020-05-27T16:10:34Z">
          <reporter-output>
          </reporter-output>
        </test-method> <!-- closeBrowser -->
      </class> <!-- tests.LoginTest_wrongCreds -->
    </test> <!-- Login with wrong password -->
  </suite> <!-- Suite -->
</testng-results>
