<?xml version="1.0" encoding="UTF-8"?>
<!-- Generated by org.testng.reporters.JUnitReportReporter -->
<testsuite skipped="2" hostname="Alexanders-MacBook-Pro.local" name="tests.LoginTest_wrongCreds" tests="4" failures="0" timestamp="26 May 2020 08:00:29 GMT" time="2.726" errors="2">
  <testcase name="beforeTest" time="1.397" classname="tests.LoginTest_wrongCreds">
    <error type="org.openqa.selenium.SessionNotCreatedException" message="session not created: This version of ChromeDriver only supports Chrome version 80
Build info: version: &#039;3.141.59&#039;, revision: &#039;e82be7d358&#039;, time: &#039;2018-11-14T08:17:03&#039;
System info: host: &#039;Alexanders-MacBook-Pro.local&#039;, ip: &#039;192.168.1.58&#039;, os.name: &#039;Mac OS X&#039;, os.arch: &#039;x86_64&#039;, os.version: &#039;10.15.3&#039;, java.version: &#039;1.8.0_131&#039;
Driver info: driver.version: ChromeDriver
remote stacktrace: 0   chromedriver                        0x000000010d707329 chromedriver + 3838761
1   chromedriver                        0x000000010d6a1123 chromedriver + 3420451
2   chromedriver                        0x000000010d41562f chromedriver + 751151
3   chromedriver                        0x000000010d376fa6 chromedriver + 102310
4   chromedriver                        0x000000010d372f7f chromedriver + 85887
5   chromedriver                        0x000000010d3a2473 chromedriver + 279667
6   chromedriver                        0x000000010d39f2b3 chromedriver + 266931
7   chromedriver                        0x000000010d3790bd chromedriver + 110781
8   chromedriver                        0x000000010d37a055 chromedriver + 114773
9   chromedriver                        0x000000010d6c8ebf chromedriver + 3583679
10  chromedriver                        0x000000010d6d5e4a chromedriver + 3636810
11  chromedriver                        0x000000010d6d5be7 chromedriver + 3636199
12  chromedriver                        0x000000010d6ac839 chromedriver + 3467321
13  chromedriver                        0x000000010d6d6707 chromedriver + 3639047
14  chromedriver                        0x000000010d6becc7 chromedriver + 3542215
15  chromedriver                        0x000000010d6ec324 chromedriver + 3728164
16  chromedriver                        0x000000010d70d387 chromedriver + 3863431
17  libsystem_pthread.dylib             0x00007fff6ba49e65 _pthread_start + 148
18  libsystem_pthread.dylib             0x00007fff6ba4583b thread_start + 15
">
      <![CDATA[org.openqa.selenium.SessionNotCreatedException: session not created: This version of ChromeDriver only supports Chrome version 80Build info: version: '3.141.59', revision: 'e82be7d358', time: '2018-11-14T08:17:03'System info: host: 'Alexanders-MacBook-Pro.local', ip: '192.168.1.58', os.name: 'Mac OS X', os.arch: 'x86_64', os.version: '10.15.3', java.version: '1.8.0_131'Driver info: driver.version: ChromeDriverremote stacktrace: 0   chromedriver                        0x000000010d707329 chromedriver + 38387611   chromedriver                        0x000000010d6a1123 chromedriver + 34204512   chromedriver                        0x000000010d41562f chromedriver + 7511513   chromedriver                        0x000000010d376fa6 chromedriver + 1023104   chromedriver                        0x000000010d372f7f chromedriver + 858875   chromedriver                        0x000000010d3a2473 chromedriver + 2796676   chromedriver                        0x000000010d39f2b3 chromedriver + 2669317   chromedriver                        0x000000010d3790bd chromedriver + 1107818   chromedriver                        0x000000010d37a055 chromedriver + 1147739   chromedriver                        0x000000010d6c8ebf chromedriver + 358367910  chromedriver                        0x000000010d6d5e4a chromedriver + 363681011  chromedriver                        0x000000010d6d5be7 chromedriver + 363619912  chromedriver                        0x000000010d6ac839 chromedriver + 346732113  chromedriver                        0x000000010d6d6707 chromedriver + 363904714  chromedriver                        0x000000010d6becc7 chromedriver + 354221515  chromedriver                        0x000000010d6ec324 chromedriver + 372816416  chromedriver                        0x000000010d70d387 chromedriver + 386343117  libsystem_pthread.dylib             0x00007fff6ba49e65 _pthread_start + 14818  libsystem_pthread.dylib             0x00007fff6ba4583b thread_start + 15at sun.reflect.NativeConstructorAccessorImpl.newInstance0(Native Method)at sun.reflect.NativeConstructorAccessorImpl.newInstance(NativeConstructorAccessorImpl.java:62)at sun.reflect.DelegatingConstructorAccessorImpl.newInstance(DelegatingConstructorAccessorImpl.java:45)at java.lang.reflect.Constructor.newInstance(Constructor.java:423)at org.openqa.selenium.remote.W3CHandshakeResponse.lambda$errorHandler$0(W3CHandshakeResponse.java:62)at org.openqa.selenium.remote.HandshakeResponse.lambda$getResponseFunction$0(HandshakeResponse.java:30)at org.openqa.selenium.remote.ProtocolHandshake.lambda$createSession$0(ProtocolHandshake.java:126)at java.util.stream.ReferencePipeline$3$1.accept(ReferencePipeline.java:193)at java.util.Spliterators$ArraySpliterator.tryAdvance(Spliterators.java:958)at java.util.stream.ReferencePipeline.forEachWithCancel(ReferencePipeline.java:126)at java.util.stream.AbstractPipeline.copyIntoWithCancel(AbstractPipeline.java:498)at java.util.stream.AbstractPipeline.copyInto(AbstractPipeline.java:485)at java.util.stream.AbstractPipeline.wrapAndCopyInto(AbstractPipeline.java:471)at java.util.stream.FindOps$FindOp.evaluateSequential(FindOps.java:152)at java.util.stream.AbstractPipeline.evaluate(AbstractPipeline.java:234)at java.util.stream.ReferencePipeline.findFirst(ReferencePipeline.java:464)at org.openqa.selenium.remote.ProtocolHandshake.createSession(ProtocolHandshake.java:128)at org.openqa.selenium.remote.ProtocolHandshake.createSession(ProtocolHandshake.java:74)at org.openqa.selenium.remote.HttpCommandExecutor.execute(HttpCommandExecutor.java:136)at org.openqa.selenium.remote.service.DriverCommandExecutor.execute(DriverCommandExecutor.java:83)at org.openqa.selenium.remote.RemoteWebDriver.execute(RemoteWebDriver.java:552)at org.openqa.selenium.remote.RemoteWebDriver.startSession(RemoteWebDriver.java:213)at org.openqa.selenium.remote.RemoteWebDriver.<init>(RemoteWebDriver.java:131)at org.openqa.selenium.chrome.ChromeDriver.<init>(ChromeDriver.java:181)at org.openqa.selenium.chrome.ChromeDriver.<init>(ChromeDriver.java:168)at org.openqa.selenium.chrome.ChromeDriver.<init>(ChromeDriver.java:157)at newtest.TestBase.chromeWebDriver(TestBase.java:53)at newtest.TestBase.createWebDriver(TestBase.java:29)at tests.LoginTest_wrongCreds.beforeTest(LoginTest_wrongCreds.java:81)at sun.reflect.NativeMethodAccessorImpl.invoke0(Native Method)at sun.reflect.NativeMethodAccessorImpl.invoke(NativeMethodAccessorImpl.java:62)at sun.reflect.DelegatingMethodAccessorImpl.invoke(DelegatingMethodAccessorImpl.java:43)at java.lang.reflect.Method.invoke(Method.java:498)at org.testng.internal.MethodInvocationHelper.invokeMethod(MethodInvocationHelper.java:124)at org.testng.internal.MethodInvocationHelper.invokeMethodConsideringTimeout(MethodInvocationHelper.java:59)at org.testng.internal.Invoker.invokeConfigurationMethod(Invoker.java:451)at org.testng.internal.Invoker.invokeConfigurations(Invoker.java:222)at org.testng.internal.Invoker.invokeConfigurations(Invoker.java:142)at org.testng.TestRunner.beforeRun(TestRunner.java:529)at org.testng.TestRunner.run(TestRunner.java:497)at org.testng.SuiteRunner.runTest(SuiteRunner.java:455)at org.testng.SuiteRunner.runSequentially(SuiteRunner.java:450)at org.testng.SuiteRunner.privateRun(SuiteRunner.java:415)at org.testng.SuiteRunner.run(SuiteRunner.java:364)at org.testng.SuiteRunnerWorker.runSuite(SuiteRunnerWorker.java:52)at org.testng.SuiteRunnerWorker.run(SuiteRunnerWorker.java:84)at org.testng.TestNG.runSuitesSequentially(TestNG.java:1187)at org.testng.TestNG.runSuitesLocally(TestNG.java:1116)at org.testng.TestNG.runSuites(TestNG.java:1028)at org.testng.TestNG.run(TestNG.java:996)at org.testng.remote.AbstractRemoteTestNG.run(AbstractRemoteTestNG.java:114)at org.testng.remote.RemoteTestNG.initAndRun(RemoteTestNG.java:251)at org.testng.remote.RemoteTestNG.main(RemoteTestNG.java:77)]]>
    </error>
  </testcase> <!-- beforeTest -->
  <testcase name="loginWithWrongCreds" time="0.000" classname="tests.LoginTest_wrongCreds">
    <skipped/>
  </testcase> <!-- loginWithWrongCreds -->
  <testcase name="beforeTest" time="1.329" classname="tests.LoginTest_wrongCreds">
    <error type="org.openqa.selenium.SessionNotCreatedException" message="session not created: This version of ChromeDriver only supports Chrome version 80
Build info: version: &#039;3.141.59&#039;, revision: &#039;e82be7d358&#039;, time: &#039;2018-11-14T08:17:03&#039;
System info: host: &#039;Alexanders-MacBook-Pro.local&#039;, ip: &#039;192.168.1.58&#039;, os.name: &#039;Mac OS X&#039;, os.arch: &#039;x86_64&#039;, os.version: &#039;10.15.3&#039;, java.version: &#039;1.8.0_131&#039;
Driver info: driver.version: ChromeDriver
remote stacktrace: 0   chromedriver                        0x000000010619c329 chromedriver + 3838761
1   chromedriver                        0x0000000106136123 chromedriver + 3420451
2   chromedriver                        0x0000000105eaa62f chromedriver + 751151
3   chromedriver                        0x0000000105e0bfa6 chromedriver + 102310
4   chromedriver                        0x0000000105e07f7f chromedriver + 85887
5   chromedriver                        0x0000000105e37473 chromedriver + 279667
6   chromedriver                        0x0000000105e342b3 chromedriver + 266931
7   chromedriver                        0x0000000105e0e0bd chromedriver + 110781
8   chromedriver                        0x0000000105e0f055 chromedriver + 114773
9   chromedriver                        0x000000010615debf chromedriver + 3583679
10  chromedriver                        0x000000010616ae4a chromedriver + 3636810
11  chromedriver                        0x000000010616abe7 chromedriver + 3636199
12  chromedriver                        0x0000000106141839 chromedriver + 3467321
13  chromedriver                        0x000000010616b707 chromedriver + 3639047
14  chromedriver                        0x0000000106153cc7 chromedriver + 3542215
15  chromedriver                        0x0000000106181324 chromedriver + 3728164
16  chromedriver                        0x00000001061a2387 chromedriver + 3863431
17  libsystem_pthread.dylib             0x00007fff6ba49e65 _pthread_start + 148
18  libsystem_pthread.dylib             0x00007fff6ba4583b thread_start + 15
">
      <![CDATA[org.openqa.selenium.SessionNotCreatedException: session not created: This version of ChromeDriver only supports Chrome version 80Build info: version: '3.141.59', revision: 'e82be7d358', time: '2018-11-14T08:17:03'System info: host: 'Alexanders-MacBook-Pro.local', ip: '192.168.1.58', os.name: 'Mac OS X', os.arch: 'x86_64', os.version: '10.15.3', java.version: '1.8.0_131'Driver info: driver.version: ChromeDriverremote stacktrace: 0   chromedriver                        0x000000010619c329 chromedriver + 38387611   chromedriver                        0x0000000106136123 chromedriver + 34204512   chromedriver                        0x0000000105eaa62f chromedriver + 7511513   chromedriver                        0x0000000105e0bfa6 chromedriver + 1023104   chromedriver                        0x0000000105e07f7f chromedriver + 858875   chromedriver                        0x0000000105e37473 chromedriver + 2796676   chromedriver                        0x0000000105e342b3 chromedriver + 2669317   chromedriver                        0x0000000105e0e0bd chromedriver + 1107818   chromedriver                        0x0000000105e0f055 chromedriver + 1147739   chromedriver                        0x000000010615debf chromedriver + 358367910  chromedriver                        0x000000010616ae4a chromedriver + 363681011  chromedriver                        0x000000010616abe7 chromedriver + 363619912  chromedriver                        0x0000000106141839 chromedriver + 346732113  chromedriver                        0x000000010616b707 chromedriver + 363904714  chromedriver                        0x0000000106153cc7 chromedriver + 354221515  chromedriver                        0x0000000106181324 chromedriver + 372816416  chromedriver                        0x00000001061a2387 chromedriver + 386343117  libsystem_pthread.dylib             0x00007fff6ba49e65 _pthread_start + 14818  libsystem_pthread.dylib             0x00007fff6ba4583b thread_start + 15at sun.reflect.NativeConstructorAccessorImpl.newInstance0(Native Method)at sun.reflect.NativeConstructorAccessorImpl.newInstance(NativeConstructorAccessorImpl.java:62)at sun.reflect.DelegatingConstructorAccessorImpl.newInstance(DelegatingConstructorAccessorImpl.java:45)at java.lang.reflect.Constructor.newInstance(Constructor.java:423)at org.openqa.selenium.remote.W3CHandshakeResponse.lambda$errorHandler$0(W3CHandshakeResponse.java:62)at org.openqa.selenium.remote.HandshakeResponse.lambda$getResponseFunction$0(HandshakeResponse.java:30)at org.openqa.selenium.remote.ProtocolHandshake.lambda$createSession$0(ProtocolHandshake.java:126)at java.util.stream.ReferencePipeline$3$1.accept(ReferencePipeline.java:193)at java.util.Spliterators$ArraySpliterator.tryAdvance(Spliterators.java:958)at java.util.stream.ReferencePipeline.forEachWithCancel(ReferencePipeline.java:126)at java.util.stream.AbstractPipeline.copyIntoWithCancel(AbstractPipeline.java:498)at java.util.stream.AbstractPipeline.copyInto(AbstractPipeline.java:485)at java.util.stream.AbstractPipeline.wrapAndCopyInto(AbstractPipeline.java:471)at java.util.stream.FindOps$FindOp.evaluateSequential(FindOps.java:152)at java.util.stream.AbstractPipeline.evaluate(AbstractPipeline.java:234)at java.util.stream.ReferencePipeline.findFirst(ReferencePipeline.java:464)at org.openqa.selenium.remote.ProtocolHandshake.createSession(ProtocolHandshake.java:128)at org.openqa.selenium.remote.ProtocolHandshake.createSession(ProtocolHandshake.java:74)at org.openqa.selenium.remote.HttpCommandExecutor.execute(HttpCommandExecutor.java:136)at org.openqa.selenium.remote.service.DriverCommandExecutor.execute(DriverCommandExecutor.java:83)at org.openqa.selenium.remote.RemoteWebDriver.execute(RemoteWebDriver.java:552)at org.openqa.selenium.remote.RemoteWebDriver.startSession(RemoteWebDriver.java:213)at org.openqa.selenium.remote.RemoteWebDriver.<init>(RemoteWebDriver.java:131)at org.openqa.selenium.chrome.ChromeDriver.<init>(ChromeDriver.java:181)at org.openqa.selenium.chrome.ChromeDriver.<init>(ChromeDriver.java:168)at org.openqa.selenium.chrome.ChromeDriver.<init>(ChromeDriver.java:157)at newtest.TestBase.chromeWebDriver(TestBase.java:53)at newtest.TestBase.createWebDriver(TestBase.java:29)at tests.LoginTest_wrongCreds.beforeTest(LoginTest_wrongCreds.java:81)at sun.reflect.NativeMethodAccessorImpl.invoke0(Native Method)at sun.reflect.NativeMethodAccessorImpl.invoke(NativeMethodAccessorImpl.java:62)at sun.reflect.DelegatingMethodAccessorImpl.invoke(DelegatingMethodAccessorImpl.java:43)at java.lang.reflect.Method.invoke(Method.java:498)at org.testng.internal.MethodInvocationHelper.invokeMethod(MethodInvocationHelper.java:124)at org.testng.internal.MethodInvocationHelper.invokeMethodConsideringTimeout(MethodInvocationHelper.java:59)at org.testng.internal.Invoker.invokeConfigurationMethod(Invoker.java:451)at org.testng.internal.Invoker.invokeConfigurations(Invoker.java:222)at org.testng.internal.Invoker.invokeConfigurations(Invoker.java:142)at org.testng.TestRunner.beforeRun(TestRunner.java:529)at org.testng.TestRunner.run(TestRunner.java:497)at org.testng.SuiteRunner.runTest(SuiteRunner.java:455)at org.testng.SuiteRunner.runSequentially(SuiteRunner.java:450)at org.testng.SuiteRunner.privateRun(SuiteRunner.java:415)at org.testng.SuiteRunner.run(SuiteRunner.java:364)at org.testng.SuiteRunnerWorker.runSuite(SuiteRunnerWorker.java:52)at org.testng.SuiteRunnerWorker.run(SuiteRunnerWorker.java:84)at org.testng.TestNG.runSuitesSequentially(TestNG.java:1187)at org.testng.TestNG.runSuitesLocally(TestNG.java:1116)at org.testng.TestNG.runSuites(TestNG.java:1028)at org.testng.TestNG.run(TestNG.java:996)at org.testng.remote.AbstractRemoteTestNG.run(AbstractRemoteTestNG.java:114)at org.testng.remote.RemoteTestNG.initAndRun(RemoteTestNG.java:251)at org.testng.remote.RemoteTestNG.main(RemoteTestNG.java:77)]]>
    </error>
  </testcase> <!-- beforeTest -->
  <testcase name="loginWithWrongCreds" time="0.000" classname="tests.LoginTest_wrongCreds">
    <skipped/>
  </testcase> <!-- loginWithWrongCreds -->
</testsuite> <!-- tests.LoginTest_wrongCreds -->
